Added Component: Designator=J1(TE_1717254-1_1717254-1(Primary))
Added Component: Designator=J2(TE_2201778-1)
Added Component: Designator=U1(QFP80P900X900X145-32N)
Added Pin To Net: NetName=GND Pin=J1-1
Added Pin To Net: NetName=GND Pin=J1-7
Added Pin To Net: NetName=GND Pin=J1-8
Added Pin To Net: NetName=GND Pin=J1-13
Added Pin To Net: NetName=GND Pin=J1-14
Added Pin To Net: NetName=GND Pin=J1-19
Added Pin To Net: NetName=GND Pin=J1-20
Added Pin To Net: NetName=GND Pin=J1-25
Added Pin To Net: NetName=GND Pin=J1-26
Added Pin To Net: NetName=GND Pin=J1-31
Added Pin To Net: NetName=GND Pin=J1-32
Added Pin To Net: NetName=GND Pin=J1-37
Added Pin To Net: NetName=GND Pin=J1-38
Added Pin To Net: NetName=GND Pin=J1-43
Added Pin To Net: NetName=GND Pin=J1-44
Added Pin To Net: NetName=GND Pin=J1-49
Added Pin To Net: NetName=GND Pin=J1-50
Added Pin To Net: NetName=GND Pin=J1-55
Added Pin To Net: NetName=GND Pin=J1-56
Added Pin To Net: NetName=GND Pin=J1-61
Added Pin To Net: NetName=GND Pin=J1-62
Added Pin To Net: NetName=GND Pin=J1-67
Added Pin To Net: NetName=GND Pin=J1-68
Added Pin To Net: NetName=GND Pin=J1-73
Added Pin To Net: NetName=GND Pin=J1-74
Added Pin To Net: NetName=GND Pin=J1-79
Added Pin To Net: NetName=GND Pin=J1-80
Added Pin To Net: NetName=GND Pin=J1-85
Added Pin To Net: NetName=GND Pin=J1-86
Added Pin To Net: NetName=GND Pin=J1-91
Added Pin To Net: NetName=GND Pin=J1-92
Added Pin To Net: NetName=GND Pin=J1-97
Added Pin To Net: NetName=GND Pin=J1-98
Added Pin To Net: NetName=GND Pin=J1-103
Added Pin To Net: NetName=GND Pin=J1-104
Added Pin To Net: NetName=GND Pin=J1-109
Added Pin To Net: NetName=GND Pin=J1-110
Added Pin To Net: NetName=GND Pin=J1-115
Added Pin To Net: NetName=GND Pin=J1-116
Added Pin To Net: NetName=GND Pin=J1-121
Added Pin To Net: NetName=GND Pin=J1-122
Added Pin To Net: NetName=GND Pin=J1-127
Added Pin To Net: NetName=GND Pin=J1-133
Added Pin To Net: NetName=GND Pin=J1-134
Added Pin To Net: NetName=GND Pin=J1-139
Added Pin To Net: NetName=GND Pin=J1-140
Added Pin To Net: NetName=GND Pin=J1-145
Added Pin To Net: NetName=GND Pin=J1-146
Added Pin To Net: NetName=GND Pin=J1-151
Added Pin To Net: NetName=GND Pin=J1-152
Added Pin To Net: NetName=GND Pin=J1-157
Added Pin To Net: NetName=GND Pin=J1-163
Added Pin To Net: NetName=GND Pin=J1-164
Added Pin To Net: NetName=GND Pin=J1-168
Added Pin To Net: NetName=GND Pin=J1-169
Added Pin To Net: NetName=GND Pin=J1-170
Added Pin To Net: NetName=GND Pin=J1-181
Added Pin To Net: NetName=GND Pin=J1-182
Added Pin To Net: NetName=GND Pin=J1-187
Added Pin To Net: NetName=GND Pin=J1-188
Added Pin To Net: NetName=GND Pin=J1-195
Added Pin To Net: NetName=GND Pin=J1-196
Added Pin To Net: NetName=GND Pin=J1-S1
Added Pin To Net: NetName=GND Pin=J1-S2
Added Pin To Net: NetName=GND Pin=J2-6
Added Pin To Net: NetName=GND Pin=J2-11
Added Pin To Net: NetName=GND Pin=J2-12
Added Pin To Net: NetName=GND Pin=J2-13
Added Pin To Net: NetName=GND Pin=J2-14
Added Pin To Net: NetName=GND Pin=J2-15
Added Pin To Net: NetName=GND Pin=J2-16
Added Pin To Net: NetName=GND Pin=U1-7
Added Pin To Net: NetName=GND Pin=U1-28
Added Pin To Net: NetName=1V8 Pin=J1-183
Added Pin To Net: NetName=1V8 Pin=J1-184
Added Pin To Net: NetName=1V8 Pin=J1-185
Added Pin To Net: NetName=1V8 Pin=J1-186
Added Net: Name=1V8
Added Pin To Net: NetName=3V3 Pin=J1-191
Added Pin To Net: NetName=3V3 Pin=J1-192
Added Pin To Net: NetName=3V3 Pin=J1-193
Added Pin To Net: NetName=3V3 Pin=J1-194
Added Pin To Net: NetName=3V3 Pin=U1-3
Added Pin To Net: NetName=3V3 Pin=U1-25
Added Net: Name=3V3
Added Pin To Net: NetName=NetJ1_2 Pin=J1-2
Added Net: Name=NetJ1_2
Added Pin To Net: NetName=NetJ1_3 Pin=J1-3
Added Net: Name=NetJ1_3
Added Pin To Net: NetName=NetJ1_4 Pin=J1-4
Added Pin To Net: NetName=NetJ1_4 Pin=J1-6
Added Pin To Net: NetName=NetJ1_4 Pin=J2-4
Added Net: Name=NetJ1_4
Added Pin To Net: NetName=NetJ1_5 Pin=J1-5
Added Net: Name=NetJ1_5
Added Pin To Net: NetName=NetJ1_9 Pin=J1-9
Added Net: Name=NetJ1_9
Added Pin To Net: NetName=NetJ1_10 Pin=J1-10
Added Pin To Net: NetName=NetJ1_10 Pin=J2-5
Added Net: Name=NetJ1_10
Added Pin To Net: NetName=NetJ1_11 Pin=J1-11
Added Net: Name=NetJ1_11
Added Pin To Net: NetName=NetJ1_12 Pin=J1-12
Added Pin To Net: NetName=NetJ1_12 Pin=J2-3
Added Net: Name=NetJ1_12
Added Pin To Net: NetName=NetJ1_15 Pin=J1-15
Added Net: Name=NetJ1_15
Added Pin To Net: NetName=NetJ1_16 Pin=J1-16
Added Pin To Net: NetName=NetJ1_16 Pin=J2-7
Added Net: Name=NetJ1_16
Added Pin To Net: NetName=NetJ1_17 Pin=J1-17
Added Net: Name=NetJ1_17
Added Pin To Net: NetName=NetJ1_18 Pin=J1-18
Added Pin To Net: NetName=NetJ1_18 Pin=J2-8
Added Net: Name=NetJ1_18
Added Pin To Net: NetName=NetJ1_21 Pin=J1-21
Added Net: Name=NetJ1_21
Added Pin To Net: NetName=NetJ1_22 Pin=J1-22
Added Pin To Net: NetName=NetJ1_22 Pin=J2-1
Added Net: Name=NetJ1_22
Added Pin To Net: NetName=NetJ1_23 Pin=J1-23
Added Net: Name=NetJ1_23
Added Pin To Net: NetName=NetJ1_24 Pin=J1-24
Added Pin To Net: NetName=NetJ1_24 Pin=J2-2
Added Net: Name=NetJ1_24
Added Pin To Net: NetName=NetJ1_27 Pin=J1-27
Added Net: Name=NetJ1_27
Added Pin To Net: NetName=NetJ1_28 Pin=J1-28
Added Net: Name=NetJ1_28
Added Pin To Net: NetName=NetJ1_29 Pin=J1-29
Added Net: Name=NetJ1_29
Added Pin To Net: NetName=NetJ1_30 Pin=J1-30
Added Net: Name=NetJ1_30
Added Pin To Net: NetName=NetJ1_33 Pin=J1-33
Added Net: Name=NetJ1_33
Added Pin To Net: NetName=NetJ1_34 Pin=J1-34
Added Net: Name=NetJ1_34
Added Pin To Net: NetName=NetJ1_35 Pin=J1-35
Added Net: Name=NetJ1_35
Added Pin To Net: NetName=NetJ1_36 Pin=J1-36
Added Net: Name=NetJ1_36
Added Pin To Net: NetName=NetJ1_39 Pin=J1-39
Added Pin To Net: NetName=NetJ1_39 Pin=J1-40
Added Net: Name=NetJ1_39
Added Pin To Net: NetName=NetJ1_41 Pin=J1-41
Added Pin To Net: NetName=NetJ1_41 Pin=J1-42
Added Net: Name=NetJ1_41
Added Pin To Net: NetName=NetJ1_45 Pin=J1-45
Added Net: Name=NetJ1_45
Added Pin To Net: NetName=NetJ1_46 Pin=J1-46
Added Net: Name=NetJ1_46
Added Pin To Net: NetName=NetJ1_47 Pin=J1-47
Added Net: Name=NetJ1_47
Added Pin To Net: NetName=NetJ1_48 Pin=J1-48
Added Net: Name=NetJ1_48
Added Pin To Net: NetName=NetJ1_51 Pin=J1-51
Added Net: Name=NetJ1_51
Added Pin To Net: NetName=NetJ1_52 Pin=J1-52
Added Net: Name=NetJ1_52
Added Pin To Net: NetName=NetJ1_53 Pin=J1-53
Added Net: Name=NetJ1_53
Added Pin To Net: NetName=NetJ1_54 Pin=J1-54
Added Net: Name=NetJ1_54
Added Pin To Net: NetName=NetJ1_57 Pin=J1-57
Added Net: Name=NetJ1_57
Added Pin To Net: NetName=NetJ1_58 Pin=J1-58
Added Net: Name=NetJ1_58
Added Pin To Net: NetName=NetJ1_59 Pin=J1-59
Added Net: Name=NetJ1_59
Added Pin To Net: NetName=NetJ1_60 Pin=J1-60
Added Net: Name=NetJ1_60
Added Pin To Net: NetName=NetJ1_63 Pin=J1-63
Added Net: Name=NetJ1_63
Added Pin To Net: NetName=NetJ1_64 Pin=J1-64
Added Net: Name=NetJ1_64
Added Pin To Net: NetName=NetJ1_65 Pin=J1-65
Added Net: Name=NetJ1_65
Added Pin To Net: NetName=NetJ1_66 Pin=J1-66
Added Net: Name=NetJ1_66
Added Pin To Net: NetName=NetJ1_69 Pin=J1-69
Added Net: Name=NetJ1_69
Added Pin To Net: NetName=NetJ1_70 Pin=J1-70
Added Net: Name=NetJ1_70
Added Pin To Net: NetName=NetJ1_71 Pin=J1-71
Added Net: Name=NetJ1_71
Added Pin To Net: NetName=NetJ1_72 Pin=J1-72
Added Net: Name=NetJ1_72
Added Pin To Net: NetName=NetJ1_75 Pin=J1-75
Added Net: Name=NetJ1_75
Added Pin To Net: NetName=NetJ1_76 Pin=J1-76
Added Net: Name=NetJ1_76
Added Pin To Net: NetName=NetJ1_77 Pin=J1-77
Added Net: Name=NetJ1_77
Added Pin To Net: NetName=NetJ1_78 Pin=J1-78
Added Net: Name=NetJ1_78
Added Pin To Net: NetName=NetJ1_81 Pin=J1-81
Added Net: Name=NetJ1_81
Added Pin To Net: NetName=NetJ1_82 Pin=J1-82
Added Net: Name=NetJ1_82
Added Pin To Net: NetName=NetJ1_83 Pin=J1-83
Added Net: Name=NetJ1_83
Added Pin To Net: NetName=NetJ1_84 Pin=J1-84
Added Net: Name=NetJ1_84
Added Pin To Net: NetName=NetJ1_87 Pin=J1-87
Added Net: Name=NetJ1_87
Added Pin To Net: NetName=NetJ1_88 Pin=J1-88
Added Net: Name=NetJ1_88
Added Pin To Net: NetName=NetJ1_89 Pin=J1-89
Added Net: Name=NetJ1_89
Added Pin To Net: NetName=NetJ1_90 Pin=J1-90
Added Net: Name=NetJ1_90
Added Pin To Net: NetName=NetJ1_93 Pin=J1-93
Added Net: Name=NetJ1_93
Added Pin To Net: NetName=NetJ1_94 Pin=J1-94
Added Net: Name=NetJ1_94
Added Pin To Net: NetName=NetJ1_95 Pin=J1-95
Added Net: Name=NetJ1_95
Added Pin To Net: NetName=NetJ1_96 Pin=J1-96
Added Net: Name=NetJ1_96
Added Pin To Net: NetName=NetJ1_99 Pin=J1-99
Added Net: Name=NetJ1_99
Added Pin To Net: NetName=NetJ1_100 Pin=J1-100
Added Net: Name=NetJ1_100
Added Pin To Net: NetName=NetJ1_101 Pin=J1-101
Added Net: Name=NetJ1_101
Added Pin To Net: NetName=NetJ1_102 Pin=J1-102
Added Net: Name=NetJ1_102
Added Pin To Net: NetName=NetJ1_105 Pin=J1-105
Added Net: Name=NetJ1_105
Added Pin To Net: NetName=NetJ1_106 Pin=J1-106
Added Net: Name=NetJ1_106
Added Pin To Net: NetName=NetJ1_107 Pin=J1-107
Added Net: Name=NetJ1_107
Added Pin To Net: NetName=NetJ1_108 Pin=J1-108
Added Net: Name=NetJ1_108
Added Pin To Net: NetName=NetJ1_111 Pin=J1-111
Added Net: Name=NetJ1_111
Added Pin To Net: NetName=NetJ1_112 Pin=J1-112
Added Net: Name=NetJ1_112
Added Pin To Net: NetName=NetJ1_113 Pin=J1-113
Added Net: Name=NetJ1_113
Added Pin To Net: NetName=NetJ1_114 Pin=J1-114
Added Net: Name=NetJ1_114
Added Pin To Net: NetName=NetJ1_117 Pin=J1-117
Added Net: Name=NetJ1_117
Added Pin To Net: NetName=NetJ1_118 Pin=J1-118
Added Net: Name=NetJ1_118
Added Pin To Net: NetName=NetJ1_119 Pin=J1-119
Added Net: Name=NetJ1_119
Added Pin To Net: NetName=NetJ1_120 Pin=J1-120
Added Net: Name=NetJ1_120
Added Pin To Net: NetName=NetJ1_123 Pin=J1-123
Added Net: Name=NetJ1_123
Added Pin To Net: NetName=NetJ1_125 Pin=J1-125
Added Net: Name=NetJ1_125
Added Pin To Net: NetName=NetJ1_129 Pin=J1-129
Added Net: Name=NetJ1_129
Added Pin To Net: NetName=NetJ1_131 Pin=J1-131
Added Net: Name=NetJ1_131
Added Pin To Net: NetName=NetJ1_135 Pin=J1-135
Added Net: Name=NetJ1_135
Added Pin To Net: NetName=NetJ1_136 Pin=J1-136
Added Net: Name=NetJ1_136
Added Pin To Net: NetName=NetJ1_137 Pin=J1-137
Added Net: Name=NetJ1_137
Added Pin To Net: NetName=NetJ1_138 Pin=J1-138
Added Net: Name=NetJ1_138
Added Pin To Net: NetName=NetJ1_141 Pin=J1-141
Added Net: Name=NetJ1_141
Added Pin To Net: NetName=NetJ1_142 Pin=J1-142
Added Net: Name=NetJ1_142
Added Pin To Net: NetName=NetJ1_143 Pin=J1-143
Added Net: Name=NetJ1_143
Added Pin To Net: NetName=NetJ1_144 Pin=J1-144
Added Net: Name=NetJ1_144
Added Pin To Net: NetName=NetJ1_147 Pin=J1-147
Added Net: Name=NetJ1_147
Added Pin To Net: NetName=NetJ1_148 Pin=J1-148
Added Net: Name=NetJ1_148
Added Pin To Net: NetName=NetJ1_149 Pin=J1-149
Added Net: Name=NetJ1_149
Added Pin To Net: NetName=NetJ1_150 Pin=J1-150
Added Net: Name=NetJ1_150
Added Pin To Net: NetName=NetJ1_153 Pin=J1-153
Added Net: Name=NetJ1_153
Added Pin To Net: NetName=NetJ1_155 Pin=J1-155
Added Net: Name=NetJ1_155
Added Pin To Net: NetName=NetJ1_159 Pin=J1-159
Added Net: Name=NetJ1_159
Added Pin To Net: NetName=NetJ1_161 Pin=J1-161
Added Net: Name=NetJ1_161
Added Pin To Net: NetName=NetJ1_165 Pin=J1-165
Added Pin To Net: NetName=NetJ1_165 Pin=U1-1
Added Net: Name=NetJ1_165
Added Pin To Net: NetName=NetJ1_166 Pin=J1-166
Added Net: Name=NetJ1_166
Added Pin To Net: NetName=NetJ1_167 Pin=J1-167
Added Pin To Net: NetName=NetJ1_167 Pin=U1-2
Added Net: Name=NetJ1_167
Added Pin To Net: NetName=NetJ1_171 Pin=J1-171
Added Net: Name=NetJ1_171
Added Pin To Net: NetName=NetJ1_172 Pin=J1-172
Added Net: Name=NetJ1_172
Added Pin To Net: NetName=NetJ1_173 Pin=J1-173
Added Net: Name=NetJ1_173
Added Pin To Net: NetName=NetJ1_174 Pin=J1-174
Added Net: Name=NetJ1_174
Added Pin To Net: NetName=NetJ1_175 Pin=J1-175
Added Net: Name=NetJ1_175
Added Pin To Net: NetName=NetJ1_176 Pin=J1-176
Added Net: Name=NetJ1_176
Added Pin To Net: NetName=NetJ1_177 Pin=J1-177
Added Net: Name=NetJ1_177
Added Pin To Net: NetName=NetJ1_178 Pin=J1-178
Added Net: Name=NetJ1_178
Added Pin To Net: NetName=NetJ1_179 Pin=J1-179
Added Net: Name=NetJ1_179
Added Pin To Net: NetName=NetJ1_180 Pin=J1-180
Added Net: Name=NetJ1_180
Added Pin To Net: NetName=NetJ1_189 Pin=J1-189
Added Pin To Net: NetName=NetJ1_189 Pin=J1-190
Added Net: Name=NetJ1_189
Added Pin To Net: NetName=NetJ1_197 Pin=J1-197
Added Pin To Net: NetName=NetJ1_197 Pin=J1-198
Added Pin To Net: NetName=NetJ1_197 Pin=J1-199
Added Pin To Net: NetName=NetJ1_197 Pin=J1-200
Added Net: Name=NetJ1_197
Added Class: Name=USB_HUB
Added Member To Class: ClassName=Connectors Member=Component J1 1717254-1
Added Member To Class: ClassName=Connectors Member=Component J2 2201778-1
Added Room: Name=Connectors
Added Room: Name=USB_HUB
