Removed Pin From Net: NetName=3V3 Pin=C1-1
Removed Pin From Net: NetName=GND Pin=C1-2
Removed Pin From Net: NetName=3V3 Pin=C2-1
Removed Pin From Net: NetName=GND Pin=C2-2
Removed Pin From Net: NetName=GND Pin=C3-1
Removed Pin From Net: NetName=5V Pin=C3-2
Removed Pin From Net: NetName=3V3 Pin=R1-2
Removed Pin From Net: NetName=3V3 Pin=R2-2
Removed Pin From Net: NetName=US0_USB0_P Pin=R3-1
Removed Pin From Net: NetName=DS0_USB1_P Pin=R4-1
Removed Pin From Net: NetName=DS0_USB2_P Pin=R5-1
Removed Pin From Net: NetName=DS0_USB3_P Pin=R6-1
Removed Pin From Net: NetName=DS0_USB4_P Pin=R7-1
Removed Pin From Net: NetName=US0_USB0_N Pin=R8-1
Removed Pin From Net: NetName=DS0_USB1_N Pin=R9-1
Removed Pin From Net: NetName=DS0_USB2_N Pin=R10-1
Removed Pin From Net: NetName=DS0_USB3_N Pin=R11-1
Removed Pin From Net: NetName=DS0_USB4_N Pin=R12-1
Removed Pin From Net: NetName=GND Pin=U1-1
Removed Pin From Net: NetName=5V Pin=U1-2
Removed Pin From Net: NetName=US0_USB0_P Pin=U2-1
Removed Pin From Net: NetName=US0_USB0_N Pin=U2-2
Removed Pin From Net: NetName=3V3 Pin=U2-3
Removed Pin From Net: NetName=GND Pin=U2-6
Removed Pin From Net: NetName=GND Pin=U2-7
Removed Pin From Net: NetName=3V3 Pin=U2-8
Removed Pin From Net: NetName=3V3 Pin=U2-10
Removed Pin From Net: NetName=DS0_USB1_N Pin=U2-11
Removed Pin From Net: NetName=DS0_USB1_P Pin=U2-12
Removed Pin From Net: NetName=3V3 Pin=U2-14
Removed Pin From Net: NetName=DS0_USB2_N Pin=U2-15
Removed Pin From Net: NetName=DS0_USB2_P Pin=U2-16
Removed Pin From Net: NetName=DS0_USB3_N Pin=U2-19
Removed Pin From Net: NetName=DS0_USB3_P Pin=U2-20
Removed Pin From Net: NetName=DS0_USB4_N Pin=U2-23
Removed Pin From Net: NetName=DS0_USB4_P Pin=U2-24
Removed Pin From Net: NetName=3V3 Pin=U2-25
Removed Pin From Net: NetName=3V3 Pin=U2-26
Removed Pin From Net: NetName=GND Pin=U2-28
Removed Pin From Net: NetName=3V3 Pin=U2-30
Removed Pin From Net: NetName=3V3 Pin=U2-31
Removed Pin From Net: NetName=GND Pin=U2-32
Removed Member From Class: ClassName=USB_HUB Member=C2
Removed Member From Class: ClassName=USB_HUB Member=C3
Removed Member From Class: ClassName=USB_HUB Member=C4
Removed Member From Class: ClassName=USB_HUB Member=R2
Removed Member From Class: ClassName=USB_HUB Member=R3
Removed Member From Class: ClassName=USB_HUB Member=R4
Removed Member From Class: ClassName=USB_HUB Member=R5
Removed Member From Class: ClassName=USB_HUB Member=R6
Removed Member From Class: ClassName=USB_HUB Member=R7
Removed Member From Class: ClassName=USB_HUB Member=R8
Removed Member From Class: ClassName=USB_HUB Member=R9
Removed Member From Class: ClassName=USB_HUB Member=R10
Removed Member From Class: ClassName=USB_HUB Member=R11
Removed Member From Class: ClassName=USB_HUB Member=R12
Removed Member From Class: ClassName=USB_HUB Member=U2
Change Component Footprint: Designator=U1 Old Footprint=SOIC127P600X175-8N New Footprint=TQFP-48
Change Component Comment : Designator=U1 Old Comment=TPS2042BDR New Comment=CY7C65632-48AXCT
Change Component Designator: OldDesignator=C4 NewDesignator=C1
Change component parameters: Designator = "U1"; Footprint = "TQFP-48"; UniqueID = "\BSMVFXBX"
Change component parameters. Clean all parameters for all variants
Added Component: Designator=P1(FCI_87520-0010BLF)
Add component. Clean all parameters for all variants
Add component (AddParameter): Name = "Digi-Key_Part_Number"; Value = "609-1045-ND"; VariantName = "[No Variations]"
Add component (AddParameter): Name = "Digi-Key_Purchase_URL"; Value = "https://www.digikey.com/product-detail/en/amphenol-fci/87520-0010BLF/609-1045-ND/1001359?utm_source=snapeda&utm_medium=aggregator&utm_campaign=symbol"; VariantName = "[No Variations]"
Add component (AddParameter): Name = "MF"; Value = "Amphenol ICC"; VariantName = "[No Variations]"
Add component (AddParameter): Name = "MP"; Value = "87520-0010BLF"; VariantName = "[No Variations]"
Add component (AddParameter): Name = "Package"; Value = "None"; VariantName = "[No Variations]"
Add component (AddParameter): Name = "SnapEDA_Link"; Value = "https://www.snapeda.com/parts/87520-0010BLF/Amphenol%20ICC/view-part/?ref=snap"; VariantName = "[No Variations]"
Add component (AddParameter): Name = "Value"; Value = ""; VariantName = "[No Variations]"
Added Component: Designator=P2(FCI_87520-0010BLF)
Add component. Clean all parameters for all variants
Add component (AddParameter): Name = "Digi-Key_Part_Number"; Value = "609-1045-ND"; VariantName = "[No Variations]"
Add component (AddParameter): Name = "Digi-Key_Purchase_URL"; Value = "https://www.digikey.com/product-detail/en/amphenol-fci/87520-0010BLF/609-1045-ND/1001359?utm_source=snapeda&utm_medium=aggregator&utm_campaign=symbol"; VariantName = "[No Variations]"
Add component (AddParameter): Name = "MF"; Value = "Amphenol ICC"; VariantName = "[No Variations]"
Add component (AddParameter): Name = "MP"; Value = "87520-0010BLF"; VariantName = "[No Variations]"
Add component (AddParameter): Name = "Package"; Value = "None"; VariantName = "[No Variations]"
Add component (AddParameter): Name = "SnapEDA_Link"; Value = "https://www.snapeda.com/parts/87520-0010BLF/Amphenol%20ICC/view-part/?ref=snap"; VariantName = "[No Variations]"
Add component (AddParameter): Name = "Value"; Value = ""; VariantName = "[No Variations]"
Added Pin To Net: NetName=US0_USB0_P Pin=J1-165
Added Pin To Net: NetName=US0_USB0_N Pin=J1-167
Added Pin To Net: NetName=5V Pin=P1-1
Added Pin To Net: NetName=DS0_USB1_N Pin=P1-2
Added Pin To Net: NetName=DS0_USB1_P Pin=P1-3
Added Pin To Net: NetName=GND Pin=P1-4
Added Pin To Net: NetName=5V Pin=P2-1
Added Pin To Net: NetName=DS0_USB2_N Pin=P2-2
Added Pin To Net: NetName=DS0_USB2_P Pin=P2-3
Added Pin To Net: NetName=GND Pin=P2-4
Added Pin To Net: NetName=GND Pin=U1-2
Added Pin To Net: NetName=US0_USB0_N Pin=U1-3
Added Pin To Net: NetName=US0_USB0_P Pin=U1-4
Added Pin To Net: NetName=DS0_USB1_N Pin=U1-5
Added Pin To Net: NetName=DS0_USB1_P Pin=U1-6
Added Pin To Net: NetName=GND Pin=U1-8
Added Pin To Net: NetName=DS0_USB2_N Pin=U1-9
Added Pin To Net: NetName=DS0_USB2_P Pin=U1-10
Added Pin To Net: NetName=GND Pin=U1-13
Added Pin To Net: NetName=DS0_USB3_N Pin=U1-17
Added Pin To Net: NetName=DS0_USB3_P Pin=U1-18
Added Pin To Net: NetName=GND Pin=U1-20
Added Pin To Net: NetName=DS0_USB4_N Pin=U1-21
Added Pin To Net: NetName=DS0_USB4_P Pin=U1-22
Added Member To Class: ClassName=USB_HUB Member=Component P1 87520-0010BLF
Added Member To Class: ClassName=USB_HUB Member=Component P2 87520-0010BLF
Added Member To Class: ClassName=USB_HUB Member=Component U1 CY7C65632-48AXCT
