Removed Member From Class: ClassName=USB_HUB Member=R?
Removed Member From Class: ClassName=USB_HUB Member=U?
Change Component Designator: OldDesignator=C? NewDesignator=C2
Change Component Designator: OldDesignator=C? NewDesignator=C3
Change Component Designator: OldDesignator=C? NewDesignator=C4
Change Component Designator: OldDesignator=CLK? NewDesignator=CLK1
Change Component Designator: OldDesignator=R1 NewDesignator=R3
Change Component Designator: OldDesignator=R2 NewDesignator=R4
Change Component Designator: OldDesignator=R3 NewDesignator=R5
Change Component Designator: OldDesignator=R4 NewDesignator=R6
Change Component Designator: OldDesignator=R5 NewDesignator=R7
Change Component Designator: OldDesignator=R6 NewDesignator=R8
Change Component Designator: OldDesignator=R7 NewDesignator=R9
Change Component Designator: OldDesignator=R8 NewDesignator=R10
Change Component Designator: OldDesignator=R9 NewDesignator=R11
Change Component Designator: OldDesignator=R10 NewDesignator=R12
Change Component Designator: OldDesignator=R? NewDesignator=R1
Change Component Designator: OldDesignator=R? NewDesignator=R2
Change Component Designator: OldDesignator=U1 NewDesignator=U2
Change Component Designator: OldDesignator=U? NewDesignator=U1
Change Net Name : Old Net Name=NetCLK?_3 New Net Name=NetCLK1_3
Change Net Name : Old Net Name=NetR?_1 New Net Name=NetR1_1
Change Net Name : Old Net Name=NetU1_4 New Net Name=NetU2_4
Change Net Name : Old Net Name=NetU1_17 New Net Name=NetU1_3
Change Net Name : Old Net Name=NetU1_21 New Net Name=NetU1_4
Change Net Name : Old Net Name=NetU?_6 New Net Name=NetU1_6
Change Net Name : Old Net Name=NetU?_7 New Net Name=NetU1_7
Added Pin To Net: NetName=NetR2_1 Pin=R2-1
Added Pin To Net: NetName=NetR2_1 Pin=U1-5
Added Pin To Net: NetName=NetR2_1 Pin=U2-22
Added Net: Name=NetR2_1
Added Member To Class: ClassName=USB_HUB Member=Component C3 0.1uF
Added Member To Class: ClassName=USB_HUB Member=Component C4 0.01uF
Added Member To Class: ClassName=USB_HUB Member=Component R11 27
Added Member To Class: ClassName=USB_HUB Member=Component R12 27
Added Member To Class: ClassName=USB_HUB Member=Component U2 TUSB2046BVFR
Added Room: Name=USB_HUB
