Added Component: Designator=C?(0402C)
Add component. Clean all parameters for all variants
Add component (AddParameter): Name = "CMPN"; Value = ""; VariantName = "[No Variations]"
Add component (AddParameter): Name = "Distributor"; Value = ""; VariantName = "[No Variations]"
Add component (AddParameter): Name = "MFG"; Value = ""; VariantName = "[No Variations]"
Add component (AddParameter): Name = "MFGPN"; Value = ""; VariantName = "[No Variations]"
Add component (AddParameter): Name = "Noplace"; Value = ""; VariantName = "[No Variations]"
Add component (AddParameter): Name = "Power_WV_SRF"; Value = "25V"; VariantName = "[No Variations]"
Add component (AddParameter): Name = "TempCo"; Value = ""; VariantName = "[No Variations]"
Add component (AddParameter): Name = "Tolerance"; Value = ""; VariantName = "[No Variations]"
Add component (AddParameter): Name = "Value"; Value = "100nF"; VariantName = "[No Variations]"
Added Component: Designator=C?(0402C)
Add component. Clean all parameters for all variants
Add component (AddParameter): Name = "CMPN"; Value = ""; VariantName = "[No Variations]"
Add component (AddParameter): Name = "Distributor"; Value = ""; VariantName = "[No Variations]"
Add component (AddParameter): Name = "MFG"; Value = ""; VariantName = "[No Variations]"
Add component (AddParameter): Name = "MFGPN"; Value = ""; VariantName = "[No Variations]"
Add component (AddParameter): Name = "Noplace"; Value = ""; VariantName = "[No Variations]"
Add component (AddParameter): Name = "Power_WV_SRF"; Value = "25V"; VariantName = "[No Variations]"
Add component (AddParameter): Name = "TempCo"; Value = ""; VariantName = "[No Variations]"
Add component (AddParameter): Name = "Tolerance"; Value = ""; VariantName = "[No Variations]"
Add component (AddParameter): Name = "Value"; Value = "100nF"; VariantName = "[No Variations]"
Added Pin To Net: NetName=5V Pin=C?-1
Added Pin To Net: NetName=5V Pin=C?-1
Added Pin To Net: NetName=GND Pin=C?-2
Added Pin To Net: NetName=GND Pin=C?-2
Added Pin To Net: NetName=3V3 Pin=U1-1
Added Pin To Net: NetName=3V3 Pin=U1-7
Added Pin To Net: NetName=3V3 Pin=U1-12
Added Pin To Net: NetName=3V3 Pin=U1-16
Added Pin To Net: NetName=3V3 Pin=U1-19
Added Pin To Net: NetName=3V3 Pin=U1-34
Added Pin To Net: NetName=3V3 Pin=U1-38
Added Member To Class: ClassName=USB_HUB Member=Component C? 100nF
Added Member To Class: ClassName=USB_HUB Member=Component C? 100nF
Added Member To Class: ClassName=USB_HUB Member=Component R? 100k
