Added Component: Designator=C?(0402C)
Add component. Clean all parameters for all variants
Add component (AddParameter): Name = "CMPN"; Value = ""; VariantName = "[No Variations]"
Add component (AddParameter): Name = "Distributor"; Value = ""; VariantName = "[No Variations]"
Add component (AddParameter): Name = "MFG"; Value = ""; VariantName = "[No Variations]"
Add component (AddParameter): Name = "MFGPN"; Value = ""; VariantName = "[No Variations]"
Add component (AddParameter): Name = "Noplace"; Value = ""; VariantName = "[No Variations]"
Add component (AddParameter): Name = "Power_WV_SRF"; Value = "25V"; VariantName = "[No Variations]"
Add component (AddParameter): Name = "TempCo"; Value = ""; VariantName = "[No Variations]"
Add component (AddParameter): Name = "Tolerance"; Value = ""; VariantName = "[No Variations]"
Add component (AddParameter): Name = "Value"; Value = "0.1uF"; VariantName = "[No Variations]"
Added Component: Designator=U?(SOIC127P600X175-8N)
Add component. Clean all parameters for all variants
Add component (AddParameter): Name = "Digi-Key_Part_Number"; Value = "296-17002-1-ND"; VariantName = "[No Variations]"
Add component (AddParameter): Name = "Digi-Key_Purchase_URL"; Value = "https://www.digikey.com/product-detail/en/texas-instruments/TPS2042BDR/296-17002-1-ND/656532?utm_source=snapeda&utm_medium=aggregator&utm_campaign=symbol"; VariantName = "[No Variations]"
Add component (AddParameter): Name = "MF"; Value = "Texas Instruments"; VariantName = "[No Variations]"
Add component (AddParameter): Name = "MP"; Value = "TPS2042BDR"; VariantName = "[No Variations]"
Add component (AddParameter): Name = "Package"; Value = "SOIC-8 Texas Instruments"; VariantName = "[No Variations]"
Add component (AddParameter): Name = "SnapEDA_Link"; Value = "https://www.snapeda.com/parts/TPS2042BDR/Texas%20Instruments/view-part/?ref=snap"; VariantName = "[No Variations]"
Add component (AddParameter): Name = "Value"; Value = ""; VariantName = "[No Variations]"
Added Pin To Net: NetName=3V3 Pin=C?-1
Added Pin To Net: NetName=GND Pin=C?-2
Added Pin To Net: NetName=GND Pin=U1-6
Added Pin To Net: NetName=3V3 Pin=U1-8
Added Pin To Net: NetName=3V3 Pin=U1-26
Added Pin To Net: NetName=GND Pin=U1-27
Added Pin To Net: NetName=GND Pin=U1-31
Added Pin To Net: NetName=GND Pin=U1-32
Added Pin To Net: NetName=GND Pin=U?-1
Added Pin To Net: NetName=5V Pin=U?-2
Added Net: Name=5V
Added Pin To Net: NetName=NetU1_4 Pin=U1-4
Added Net: Name=NetU1_4
Added Pin To Net: NetName=NetU1_17 Pin=U1-17
Added Pin To Net: NetName=NetU1_17 Pin=U?-3
Added Net: Name=NetU1_17
Added Pin To Net: NetName=NetU1_18 Pin=U1-18
Added Pin To Net: NetName=NetU1_18 Pin=U?-8
Added Net: Name=NetU1_18
Added Pin To Net: NetName=NetU1_21 Pin=U1-21
Added Pin To Net: NetName=NetU1_21 Pin=U?-4
Added Net: Name=NetU1_21
Added Pin To Net: NetName=NetU1_22 Pin=U1-22
Added Pin To Net: NetName=NetU1_22 Pin=U?-5
Added Net: Name=NetU1_22
Added Pin To Net: NetName=NetU?_6 Pin=U?-6
Added Net: Name=NetU?_6
Added Pin To Net: NetName=NetU?_7 Pin=U?-7
Added Net: Name=NetU?_7
Added Member To Class: ClassName=USB_HUB Member=Component C? 0.1uF
Added Member To Class: ClassName=USB_HUB Member=Component U? TPS2042BDR
